Using pre-set license
Built from '2020.2/staging' branch; Version is '2020.2.0b9 (ef2968fa77ae) revision 15673704'; Using compiler version '192528614'; Build Type 'Release'
OS: 'Windows 10  (10.0.0) 64bit' Language: 'ru' Physical Memory: 8137 MB
BatchMode: 1, IsHumanControllingUs: 0, StartBugReporterOnCrash: 0, Is64bit: 1, IsPro: 0

 COMMAND LINE ARGUMENTS:
C:\Program Files\Unity\Hub\Editor\2020.2.0b9\Editor\Unity.exe
-adb2
-batchMode
-noUpm
-name
AssetImportWorker0
-projectPath
E:/Unity Projects/MagicBox
-logFile
Logs/AssetImportWorker0.log
-srvPort
50096
Successfully changed project path to: E:/Unity Projects/MagicBox
E:/Unity Projects/MagicBox
Using Asset Import Pipeline V2.
Refreshing native plugins compatible for Editor in 36.24 ms, found 0 plugins.
Preloading 0 native plugins for Editor in 0.00 ms.
Initialize engine version: 2020.2.0b9 (ef2968fa77ae)
[Subsystems] Discovering subsystems at path C:/Program Files/Unity/Hub/Editor/2020.2.0b9/Editor/Data/Resources/UnitySubsystems
[Subsystems] Discovering subsystems at path E:/Unity Projects/MagicBox/Assets
GfxDevice: creating device client; threaded=0
Direct3D:
    Version:  Direct3D 11.0 [level 11.1]
    Renderer: NVIDIA GeForce GTX 1050 Ti (ID=0x1c82)
    Vendor:   
    VRAM:     4018 MB
    Driver:   26.21.14.4274
Initialize mono
Mono path[0] = 'C:/Program Files/Unity/Hub/Editor/2020.2.0b9/Editor/Data/Managed'
Mono path[1] = 'C:/Program Files/Unity/Hub/Editor/2020.2.0b9/Editor/Data/MonoBleedingEdge/lib/mono/unityjit'
Mono config path = 'C:/Program Files/Unity/Hub/Editor/2020.2.0b9/Editor/Data/MonoBleedingEdge/etc'
Using monoOptions --debugger-agent=transport=dt_socket,embedding=1,server=y,suspend=n,address=127.0.0.1:56752
Begin MonoManager ReloadAssembly
Registering precompiled unity dll's ...
Register platform support module: C:/Program Files/Unity/Hub/Editor/2020.2.0b9/Editor/Data/PlaybackEngines/WindowsStandaloneSupport/UnityEditor.WindowsStandalone.Extensions.dll
Registered in 0.003380 seconds.
Native extension for WindowsStandalone target not found
Refreshing native plugins compatible for Editor in 37.14 ms, found 0 plugins.
Preloading 0 native plugins for Editor in 0.00 ms.
Invoked RoslynAnalysisRunner static constructor.
RoslynAnalysisRunner will not be running.
RoslynAnalysisRunner has terminated.
Mono: successfully reloaded assembly
- Completed reload, in  3.293 seconds
Platform modules already initialized, skipping
Registering precompiled user dll's ...
Registered in 0.000678 seconds.
Begin MonoManager ReloadAssembly
Symbol file LoadedFromMemory doesn't match image E:\Unity Projects\MagicBox\Library\PackageCache\com.unity.ext.nunit@1.0.0\net35\unity-custom\nunit.framework.dll
Native extension for WindowsStandalone target not found
Refreshing native plugins compatible for Editor in 0.53 ms, found 0 plugins.
Preloading 0 native plugins for Editor in 0.00 ms.
Invoked RoslynAnalysisRunner static constructor.
RoslynAnalysisRunner will not be running.
RoslynAnalysisRunner has terminated.
Mono: successfully reloaded assembly
- Completed reload, in  1.319 seconds
Platform modules already initialized, skipping
========================================================================
Worker process is ready to serve import requests
Launched and connected shader compiler UnityShaderCompiler.exe after 0.06 seconds
Refreshing native plugins compatible for Editor in 0.29 ms, found 0 plugins.
Preloading 0 native plugins for Editor in 0.00 ms.
Unloading 1093 Unused Serialized files (Serialized files now loaded: 0)
System memory in use before: 60.3 MB.
System memory in use after: 60.2 MB.

Unloading 11 unused Assets to reduce memory usage. Loaded Objects now: 1535.
Total: 2.677000 ms (FindLiveObjects: 0.336100 ms CreateObjectMapping: 0.058700 ms MarkObjects: 1.943700 ms  DeleteObjects: 0.336500 ms)

========================================================================
Received Import Request.
  path: Assets/Shaders/BumpDiffuse.shader
  artifactKey: Guid(ff5c9b5e0a7ba9c44ba941994c3f0f12) Importer(815301076,1909f56bfc062723c751e8b465ee728b)
Start importing Assets/Shaders/BumpDiffuse.shader using Guid(ff5c9b5e0a7ba9c44ba941994c3f0f12) Importer(815301076,1909f56bfc062723c751e8b465ee728b)  -> (artifact id: 'e85ed9efb31a7e2f99f4440150318672') in 0.051742 seconds
  Import took 0.054976 seconds .

========================================================================
Received Import Request.
  Time since last request: 12.417612 seconds.
  path: Assets/Shaders/BumpDiffuse.shader
  artifactKey: Guid(ff5c9b5e0a7ba9c44ba941994c3f0f12) Importer(815301076,1909f56bfc062723c751e8b465ee728b)
Start importing Assets/Shaders/BumpDiffuse.shader using Guid(ff5c9b5e0a7ba9c44ba941994c3f0f12) Importer(815301076,1909f56bfc062723c751e8b465ee728b)  -> (artifact id: 'b9e8c3ff0c95259ab328f53353b298a5') in 0.009320 seconds
  Import took 0.012588 seconds .

========================================================================
Received Import Request.
  Time since last request: 49.276297 seconds.
  path: Assets/Materials/BoxMaterial.mat
  artifactKey: Guid(819f5cd3a4d2bf24aa57cb1916c37193) Importer(815301076,1909f56bfc062723c751e8b465ee728b)
Start importing Assets/Materials/BoxMaterial.mat using Guid(819f5cd3a4d2bf24aa57cb1916c37193) Importer(815301076,1909f56bfc062723c751e8b465ee728b)  -> (artifact id: 'd5490d0af9e438c13b1d87ca454f6012') in 0.153763 seconds
  Import took 0.158396 seconds .

========================================================================
Received Import Request.
  Time since last request: 231.163719 seconds.
  path: Assets/Materials/BoxMaterial.mat
  artifactKey: Guid(819f5cd3a4d2bf24aa57cb1916c37193) Importer(815301076,1909f56bfc062723c751e8b465ee728b)
Start importing Assets/Materials/BoxMaterial.mat using Guid(819f5cd3a4d2bf24aa57cb1916c37193) Importer(815301076,1909f56bfc062723c751e8b465ee728b)  -> (artifact id: '5c1b0f811dcc99a982f28bfc4f003694') in 0.067645 seconds
  Import took 0.075781 seconds .

========================================================================
Received Import Request.
  Time since last request: 0.000055 seconds.
  path: Assets/Materials/BumpedEnv.mat
  artifactKey: Guid(87298432f7ec5db49b10422b8bb9542c) Importer(815301076,1909f56bfc062723c751e8b465ee728b)
Start importing Assets/Materials/BumpedEnv.mat using Guid(87298432f7ec5db49b10422b8bb9542c) Importer(815301076,1909f56bfc062723c751e8b465ee728b)  -> (artifact id: '3ef47b1b5490791e0ea1a82b9dfa11a2') in 0.145169 seconds
  Import took 0.148644 seconds .

========================================================================
Received Import Request.
  Time since last request: 59.551246 seconds.
  path: Assets/Scenes/SampleScene.unity
  artifactKey: Guid(9fc0d4010bbf28b4594072e72b8655ab) Importer(815301076,1909f56bfc062723c751e8b465ee728b)
Start importing Assets/Scenes/SampleScene.unity using Guid(9fc0d4010bbf28b4594072e72b8655ab) Importer(815301076,1909f56bfc062723c751e8b465ee728b)  -> (artifact id: 'a4d0073227b587da918241d5f47b373d') in 0.010535 seconds
  Import took 0.013950 seconds .

========================================================================
Received Import Request.
  Time since last request: 134.221928 seconds.
  path: Assets/Materials/SeasideWhiteBalanced.exr
  artifactKey: Guid(f27e854e257e10547b180b7af29fb520) Importer(815301076,1909f56bfc062723c751e8b465ee728b)
Start importing Assets/Materials/SeasideWhiteBalanced.exr using Guid(f27e854e257e10547b180b7af29fb520) Importer(815301076,1909f56bfc062723c751e8b465ee728b)  -> (artifact id: '5a684e1a85ce684bf24206dae8bf315a') in 0.081836 seconds
  Import took 0.090265 seconds .

========================================================================
Received Import Request.
  Time since last request: 66.571119 seconds.
  path: Assets/Materials/SeasideWhiteBalanced.exr
  artifactKey: Guid(f27e854e257e10547b180b7af29fb520) Importer(815301076,1909f56bfc062723c751e8b465ee728b)
Start importing Assets/Materials/SeasideWhiteBalanced.exr using Guid(f27e854e257e10547b180b7af29fb520) Importer(815301076,1909f56bfc062723c751e8b465ee728b)  -> (artifact id: '04c323b0842f5664e0f2fc3701e4edb8') in 0.058860 seconds
  Import took 0.063026 seconds .

========================================================================
Received Import Request.
  Time since last request: 0.000303 seconds.
  path: Assets/Materials/SeasideWhiteBalanced.exr
  artifactKey: Guid(f27e854e257e10547b180b7af29fb520) Importer(815301076,1909f56bfc062723c751e8b465ee728b)
Start importing Assets/Materials/SeasideWhiteBalanced.exr using Guid(f27e854e257e10547b180b7af29fb520) Importer(815301076,1909f56bfc062723c751e8b465ee728b)  -> (artifact id: '04c323b0842f5664e0f2fc3701e4edb8') in 0.052999 seconds
  Import took 0.056646 seconds .

========================================================================
Received Import Request.
  Time since last request: 697.732053 seconds.
  path: Assets/Scripts/BoxController.cs
  artifactKey: Guid(75f435fab9b27584684fcb89b81009e7) Importer(815301076,1909f56bfc062723c751e8b465ee728b)
Start importing Assets/Scripts/BoxController.cs using Guid(75f435fab9b27584684fcb89b81009e7) Importer(815301076,1909f56bfc062723c751e8b465ee728b)  -> (artifact id: 'c27a3f55239d14cc1721b0e972f4217f') in 0.022163 seconds
  Import took 0.033174 seconds .

========================================================================
Received Prepare
Reloading mono domain
Begin MonoManager ReloadAssembly
Registering precompiled unity dll's ...
Register platform support module: C:/Program Files/Unity/Hub/Editor/2020.2.0b9/Editor/Data/PlaybackEngines/WindowsStandaloneSupport/UnityEditor.WindowsStandalone.Extensions.dll
Registered in 0.002917 seconds.
Symbol file LoadedFromMemory doesn't match image E:\Unity Projects\MagicBox\Library\PackageCache\com.unity.ext.nunit@1.0.0\net35\unity-custom\nunit.framework.dll
Native extension for WindowsStandalone target not found
Refreshing native plugins compatible for Editor in 32.77 ms, found 0 plugins.
Preloading 0 native plugins for Editor in 0.00 ms.
Invoked RoslynAnalysisRunner static constructor.
RoslynAnalysisRunner will not be running.
RoslynAnalysisRunner has terminated.
Mono: successfully reloaded assembly
- Completed reload, in  3.865 seconds
Platform modules already initialized, skipping
Registering precompiled user dll's ...
Registered in 0.001064 seconds.
Begin MonoManager ReloadAssembly
Symbol file LoadedFromMemory doesn't match image E:\Unity Projects\MagicBox\Library\PackageCache\com.unity.ext.nunit@1.0.0\net35\unity-custom\nunit.framework.dll
Native extension for WindowsStandalone target not found
Refreshing native plugins compatible for Editor in 0.25 ms, found 0 plugins.
Preloading 0 native plugins for Editor in 0.00 ms.
Invoked RoslynAnalysisRunner static constructor.
RoslynAnalysisRunner will not be running.
RoslynAnalysisRunner has terminated.
Mono: successfully reloaded assembly
- Completed reload, in  1.440 seconds
Platform modules already initialized, skipping
Refreshing native plugins compatible for Editor in 0.25 ms, found 0 plugins.
Preloading 0 native plugins for Editor in 0.00 ms.
Unloading 8 Unused Serialized files (Serialized files now loaded: 0)
System memory in use before: 42.6 MB.
System memory in use after: 42.7 MB.

Unloading 5 unused Assets to reduce memory usage. Loaded Objects now: 1585.
Total: 2.399100 ms (FindLiveObjects: 0.356000 ms CreateObjectMapping: 0.101700 ms MarkObjects: 1.868100 ms  DeleteObjects: 0.072000 ms)

========================================================================
Received Prepare
Reloading mono domain
Begin MonoManager ReloadAssembly
Registering precompiled unity dll's ...
Register platform support module: C:/Program Files/Unity/Hub/Editor/2020.2.0b9/Editor/Data/PlaybackEngines/WindowsStandaloneSupport/UnityEditor.WindowsStandalone.Extensions.dll
Registered in 0.002702 seconds.
Symbol file LoadedFromMemory doesn't match image E:\Unity Projects\MagicBox\Library\PackageCache\com.unity.ext.nunit@1.0.0\net35\unity-custom\nunit.framework.dll
Native extension for WindowsStandalone target not found
Refreshing native plugins compatible for Editor in 32.07 ms, found 0 plugins.
Preloading 0 native plugins for Editor in 0.00 ms.
Invoked RoslynAnalysisRunner static constructor.
RoslynAnalysisRunner will not be running.
RoslynAnalysisRunner has terminated.
Mono: successfully reloaded assembly
- Completed reload, in  1.292 seconds
Platform modules already initialized, skipping
Registering precompiled user dll's ...
Registered in 0.000714 seconds.
Begin MonoManager ReloadAssembly
Symbol file LoadedFromMemory doesn't match image E:\Unity Projects\MagicBox\Library\PackageCache\com.unity.ext.nunit@1.0.0\net35\unity-custom\nunit.framework.dll
Native extension for WindowsStandalone target not found
Refreshing native plugins compatible for Editor in 0.24 ms, found 0 plugins.
Preloading 0 native plugins for Editor in 0.00 ms.
Invoked RoslynAnalysisRunner static constructor.
RoslynAnalysisRunner will not be running.
RoslynAnalysisRunner has terminated.
Mono: successfully reloaded assembly
- Completed reload, in  1.309 seconds
Platform modules already initialized, skipping
Refreshing native plugins compatible for Editor in 0.25 ms, found 0 plugins.
Preloading 0 native plugins for Editor in 0.00 ms.
Unloading 6 Unused Serialized files (Serialized files now loaded: 0)
System memory in use before: 42.8 MB.
System memory in use after: 42.9 MB.

Unloading 5 unused Assets to reduce memory usage. Loaded Objects now: 1589.
Total: 2.580700 ms (FindLiveObjects: 0.588800 ms CreateObjectMapping: 0.258700 ms MarkObjects: 1.666500 ms  DeleteObjects: 0.064600 ms)

========================================================================
Received Import Request.
  Time since last request: 33.600155 seconds.
  path: Assets/Scripts/BoxController.cs
  artifactKey: Guid(75f435fab9b27584684fcb89b81009e7) Importer(815301076,1909f56bfc062723c751e8b465ee728b)
Start importing Assets/Scripts/BoxController.cs using Guid(75f435fab9b27584684fcb89b81009e7) Importer(815301076,1909f56bfc062723c751e8b465ee728b)  -> (artifact id: '21fd0a3692b69828a1150f99344a9c0a') in 0.007033 seconds
  Import took 0.010281 seconds .

========================================================================
Received Prepare
Reloading mono domain
Begin MonoManager ReloadAssembly
Registering precompiled unity dll's ...
Register platform support module: C:/Program Files/Unity/Hub/Editor/2020.2.0b9/Editor/Data/PlaybackEngines/WindowsStandaloneSupport/UnityEditor.WindowsStandalone.Extensions.dll
Registered in 0.002798 seconds.
Symbol file LoadedFromMemory doesn't match image E:\Unity Projects\MagicBox\Library\PackageCache\com.unity.ext.nunit@1.0.0\net35\unity-custom\nunit.framework.dll
Native extension for WindowsStandalone target not found
Refreshing native plugins compatible for Editor in 31.15 ms, found 0 plugins.
Preloading 0 native plugins for Editor in 0.00 ms.
Invoked RoslynAnalysisRunner static constructor.
RoslynAnalysisRunner will not be running.
RoslynAnalysisRunner has terminated.
Mono: successfully reloaded assembly
- Completed reload, in  1.322 seconds
Platform modules already initialized, skipping
Registering precompiled user dll's ...
Registered in 0.000741 seconds.
Begin MonoManager ReloadAssembly
Symbol file LoadedFromMemory doesn't match image E:\Unity Projects\MagicBox\Library\PackageCache\com.unity.ext.nunit@1.0.0\net35\unity-custom\nunit.framework.dll
Native extension for WindowsStandalone target not found
Refreshing native plugins compatible for Editor in 0.25 ms, found 0 plugins.
Preloading 0 native plugins for Editor in 0.00 ms.
Invoked RoslynAnalysisRunner static constructor.
RoslynAnalysisRunner will not be running.
RoslynAnalysisRunner has terminated.
Mono: successfully reloaded assembly
- Completed reload, in  1.388 seconds
Platform modules already initialized, skipping
Refreshing native plugins compatible for Editor in 0.24 ms, found 0 plugins.
Preloading 0 native plugins for Editor in 0.00 ms.
Unloading 6 Unused Serialized files (Serialized files now loaded: 0)
System memory in use before: 42.9 MB.
System memory in use after: 43.0 MB.

Unloading 5 unused Assets to reduce memory usage. Loaded Objects now: 1593.
Total: 2.461300 ms (FindLiveObjects: 0.478800 ms CreateObjectMapping: 0.090300 ms MarkObjects: 1.824800 ms  DeleteObjects: 0.065400 ms)

========================================================================
Received Prepare
Reloading mono domain
Begin MonoManager ReloadAssembly
Registering precompiled unity dll's ...
Register platform support module: C:/Program Files/Unity/Hub/Editor/2020.2.0b9/Editor/Data/PlaybackEngines/WindowsStandaloneSupport/UnityEditor.WindowsStandalone.Extensions.dll
Registered in 0.002792 seconds.
Symbol file LoadedFromMemory doesn't match image E:\Unity Projects\MagicBox\Library\PackageCache\com.unity.ext.nunit@1.0.0\net35\unity-custom\nunit.framework.dll
Native extension for WindowsStandalone target not found
Refreshing native plugins compatible for Editor in 32.19 ms, found 0 plugins.
Preloading 0 native plugins for Editor in 0.00 ms.
Invoked RoslynAnalysisRunner static constructor.
RoslynAnalysisRunner will not be running.
RoslynAnalysisRunner has terminated.
Mono: successfully reloaded assembly
- Completed reload, in  1.380 seconds
Platform modules already initialized, skipping
Registering precompiled user dll's ...
Registered in 0.000657 seconds.
Begin MonoManager ReloadAssembly
Symbol file LoadedFromMemory doesn't match image E:\Unity Projects\MagicBox\Library\PackageCache\com.unity.ext.nunit@1.0.0\net35\unity-custom\nunit.framework.dll
Native extension for WindowsStandalone target not found
Refreshing native plugins compatible for Editor in 0.29 ms, found 0 plugins.
Preloading 0 native plugins for Editor in 0.00 ms.
Invoked RoslynAnalysisRunner static constructor.
RoslynAnalysisRunner will not be running.
RoslynAnalysisRunner has terminated.
Mono: successfully reloaded assembly
- Completed reload, in  1.414 seconds
Platform modules already initialized, skipping
Refreshing native plugins compatible for Editor in 0.31 ms, found 0 plugins.
Preloading 0 native plugins for Editor in 0.00 ms.
Unloading 6 Unused Serialized files (Serialized files now loaded: 0)
System memory in use before: 43.5 MB.
System memory in use after: 43.6 MB.

Unloading 5 unused Assets to reduce memory usage. Loaded Objects now: 1597.
Total: 2.619600 ms (FindLiveObjects: 0.326500 ms CreateObjectMapping: 0.057000 ms MarkObjects: 2.164000 ms  DeleteObjects: 0.070000 ms)

========================================================================
Received Import Request.
  Time since last request: 97.215287 seconds.
  path: Assets/Scripts/BoxController.cs
  artifactKey: Guid(75f435fab9b27584684fcb89b81009e7) Importer(815301076,1909f56bfc062723c751e8b465ee728b)
Start importing Assets/Scripts/BoxController.cs using Guid(75f435fab9b27584684fcb89b81009e7) Importer(815301076,1909f56bfc062723c751e8b465ee728b)  -> (artifact id: '693860e19f56ea797369a0d918bf19e2') in 0.006166 seconds
  Import took 0.009608 seconds .

========================================================================
Received Prepare
Reloading mono domain
Begin MonoManager ReloadAssembly
Registering precompiled unity dll's ...
Register platform support module: C:/Program Files/Unity/Hub/Editor/2020.2.0b9/Editor/Data/PlaybackEngines/WindowsStandaloneSupport/UnityEditor.WindowsStandalone.Extensions.dll
Registered in 0.003191 seconds.
Symbol file LoadedFromMemory doesn't match image E:\Unity Projects\MagicBox\Library\PackageCache\com.unity.ext.nunit@1.0.0\net35\unity-custom\nunit.framework.dll
Native extension for WindowsStandalone target not found
Refreshing native plugins compatible for Editor in 31.88 ms, found 0 plugins.
Preloading 0 native plugins for Editor in 0.00 ms.
Invoked RoslynAnalysisRunner static constructor.
RoslynAnalysisRunner will not be running.
RoslynAnalysisRunner has terminated.
Mono: successfully reloaded assembly
- Completed reload, in  1.434 seconds
Platform modules already initialized, skipping
Registering precompiled user dll's ...
Registered in 0.000753 seconds.
Begin MonoManager ReloadAssembly
Symbol file LoadedFromMemory doesn't match image E:\Unity Projects\MagicBox\Library\PackageCache\com.unity.ext.nunit@1.0.0\net35\unity-custom\nunit.framework.dll
Native extension for WindowsStandalone target not found
Refreshing native plugins compatible for Editor in 0.27 ms, found 0 plugins.
Preloading 0 native plugins for Editor in 0.00 ms.
Invoked RoslynAnalysisRunner static constructor.
RoslynAnalysisRunner will not be running.
RoslynAnalysisRunner has terminated.
Mono: successfully reloaded assembly
- Completed reload, in  1.418 seconds
Platform modules already initialized, skipping
Refreshing native plugins compatible for Editor in 0.25 ms, found 0 plugins.
Preloading 0 native plugins for Editor in 0.00 ms.
Unloading 6 Unused Serialized files (Serialized files now loaded: 0)
System memory in use before: 43.8 MB.
System memory in use after: 43.9 MB.

Unloading 5 unused Assets to reduce memory usage. Loaded Objects now: 1601.
Total: 2.073700 ms (FindLiveObjects: 0.314600 ms CreateObjectMapping: 0.054300 ms MarkObjects: 1.636600 ms  DeleteObjects: 0.066500 ms)

========================================================================
Received Import Request.
  Time since last request: 49.937446 seconds.
  path: Assets/Scripts/BoxController.cs
  artifactKey: Guid(75f435fab9b27584684fcb89b81009e7) Importer(815301076,1909f56bfc062723c751e8b465ee728b)
Start importing Assets/Scripts/BoxController.cs using Guid(75f435fab9b27584684fcb89b81009e7) Importer(815301076,1909f56bfc062723c751e8b465ee728b)  -> (artifact id: '199835abdb24dc3af13d7150e9cdc254') in 0.004681 seconds
  Import took 0.007699 seconds .

========================================================================
Received Import Request.
  Time since last request: 0.332754 seconds.
  path: Assets/Scripts/BoxController.cs
  artifactKey: Guid(75f435fab9b27584684fcb89b81009e7) Importer(815301076,1909f56bfc062723c751e8b465ee728b)
Start importing Assets/Scripts/BoxController.cs using Guid(75f435fab9b27584684fcb89b81009e7) Importer(815301076,1909f56bfc062723c751e8b465ee728b)  -> (artifact id: '199835abdb24dc3af13d7150e9cdc254') in 0.004037 seconds
  Import took 0.006921 seconds .

========================================================================
Received Prepare
Reloading mono domain
Begin MonoManager ReloadAssembly
Registering precompiled unity dll's ...
Register platform support module: C:/Program Files/Unity/Hub/Editor/2020.2.0b9/Editor/Data/PlaybackEngines/WindowsStandaloneSupport/UnityEditor.WindowsStandalone.Extensions.dll
Registered in 0.002932 seconds.
Symbol file LoadedFromMemory doesn't match image E:\Unity Projects\MagicBox\Library\PackageCache\com.unity.ext.nunit@1.0.0\net35\unity-custom\nunit.framework.dll
Native extension for WindowsStandalone target not found
Refreshing native plugins compatible for Editor in 31.93 ms, found 0 plugins.
Preloading 0 native plugins for Editor in 0.00 ms.
Invoked RoslynAnalysisRunner static constructor.
RoslynAnalysisRunner will not be running.
RoslynAnalysisRunner has terminated.
Mono: successfully reloaded assembly
- Completed reload, in  1.500 seconds
Platform modules already initialized, skipping
Registering precompiled user dll's ...
Registered in 0.000668 seconds.
Begin MonoManager ReloadAssembly
Symbol file LoadedFromMemory doesn't match image E:\Unity Projects\MagicBox\Library\PackageCache\com.unity.ext.nunit@1.0.0\net35\unity-custom\nunit.framework.dll
Native extension for WindowsStandalone target not found
Refreshing native plugins compatible for Editor in 0.24 ms, found 0 plugins.
Preloading 0 native plugins for Editor in 0.00 ms.
Invoked RoslynAnalysisRunner static constructor.
RoslynAnalysisRunner will not be running.
RoslynAnalysisRunner has terminated.
Mono: successfully reloaded assembly
- Completed reload, in  1.483 seconds
Platform modules already initialized, skipping
Refreshing native plugins compatible for Editor in 0.25 ms, found 0 plugins.
Preloading 0 native plugins for Editor in 0.00 ms.
Unloading 6 Unused Serialized files (Serialized files now loaded: 0)
System memory in use before: 43.9 MB.
System memory in use after: 44.0 MB.

Unloading 5 unused Assets to reduce memory usage. Loaded Objects now: 1605.
Total: 2.218700 ms (FindLiveObjects: 0.327200 ms CreateObjectMapping: 0.053200 ms MarkObjects: 1.753300 ms  DeleteObjects: 0.083000 ms)

========================================================================
Received Prepare
Reloading mono domain
Begin MonoManager ReloadAssembly
Registering precompiled unity dll's ...
Register platform support module: C:/Program Files/Unity/Hub/Editor/2020.2.0b9/Editor/Data/PlaybackEngines/WindowsStandaloneSupport/UnityEditor.WindowsStandalone.Extensions.dll
Registered in 0.002767 seconds.
Symbol file LoadedFromMemory doesn't match image E:\Unity Projects\MagicBox\Library\PackageCache\com.unity.ext.nunit@1.0.0\net35\unity-custom\nunit.framework.dll
Native extension for WindowsStandalone target not found
Refreshing native plugins compatible for Editor in 31.33 ms, found 0 plugins.
Preloading 0 native plugins for Editor in 0.00 ms.
Invoked RoslynAnalysisRunner static constructor.
RoslynAnalysisRunner will not be running.
RoslynAnalysisRunner has terminated.
Mono: successfully reloaded assembly
- Completed reload, in  1.760 seconds
Platform modules already initialized, skipping
Registering precompiled user dll's ...
Registered in 0.000633 seconds.
Begin MonoManager ReloadAssembly
Symbol file LoadedFromMemory doesn't match image E:\Unity Projects\MagicBox\Library\PackageCache\com.unity.ext.nunit@1.0.0\net35\unity-custom\nunit.framework.dll
Native extension for WindowsStandalone target not found
Refreshing native plugins compatible for Editor in 0.26 ms, found 0 plugins.
Preloading 0 native plugins for Editor in 0.00 ms.
Invoked RoslynAnalysisRunner static constructor.
RoslynAnalysisRunner will not be running.
RoslynAnalysisRunner has terminated.
Mono: successfully reloaded assembly
- Completed reload, in  1.543 seconds
Platform modules already initialized, skipping
Refreshing native plugins compatible for Editor in 0.25 ms, found 0 plugins.
Preloading 0 native plugins for Editor in 0.00 ms.
Unloading 6 Unused Serialized files (Serialized files now loaded: 0)
System memory in use before: 43.4 MB.
System memory in use after: 43.5 MB.

Unloading 5 unused Assets to reduce memory usage. Loaded Objects now: 1609.
Total: 3.582400 ms (FindLiveObjects: 0.354500 ms CreateObjectMapping: 0.058300 ms MarkObjects: 3.080000 ms  DeleteObjects: 0.087500 ms)

AssetImportWorkerClient::OnTransportError - code=2 error=End of file
